mode: set
github.com/Zrossiz/Redirector/redirector/cmd/main.go:17.13,21.16 3 0
github.com/Zrossiz/Redirector/redirector/cmd/main.go:21.16,24.3 2 0
github.com/Zrossiz/Redirector/redirector/cmd/main.go:26.2,27.16 2 0
github.com/Zrossiz/Redirector/redirector/cmd/main.go:27.16,30.3 2 0
github.com/Zrossiz/Redirector/redirector/cmd/main.go:31.2,34.16 3 0
github.com/Zrossiz/Redirector/redirector/cmd/main.go:34.16,37.3 2 0
github.com/Zrossiz/Redirector/redirector/cmd/main.go:38.2,53.48 8 0
github.com/Zrossiz/Redirector/redirector/cmd/main.go:53.48,55.3 1 0
github.com/Zrossiz/Redirector/redirector/internal/delivery/rest/url_handler.go:15.59,17.2 1 1
github.com/Zrossiz/Redirector/redirector/internal/delivery/rest/url_handler.go:19.70,24.20 3 1
github.com/Zrossiz/Redirector/redirector/internal/delivery/rest/url_handler.go:24.20,27.3 2 1
github.com/Zrossiz/Redirector/redirector/internal/delivery/rest/url_handler.go:29.2,29.32 1 1
github.com/Zrossiz/Redirector/redirector/internal/delivery/rest/url_handler.go:29.32,31.3 1 0
github.com/Zrossiz/Redirector/redirector/internal/delivery/rest/url_handler.go:33.2,36.16 3 1
github.com/Zrossiz/Redirector/redirector/internal/delivery/rest/url_handler.go:36.16,38.3 1 1
github.com/Zrossiz/Redirector/redirector/internal/delivery/rest/url_handler.go:40.2,40.50 1 1
github.com/Zrossiz/Redirector/redirector/pkg/config/config.go:22.27,34.2 8 1
github.com/Zrossiz/Redirector/redirector/pkg/logger/logger.go:8.45,11.15 2 1
github.com/Zrossiz/Redirector/redirector/pkg/logger/logger.go:12.15,13.28 1 1
github.com/Zrossiz/Redirector/redirector/pkg/logger/logger.go:14.14,15.27 1 1
github.com/Zrossiz/Redirector/redirector/pkg/logger/logger.go:16.14,17.27 1 1
github.com/Zrossiz/Redirector/redirector/pkg/logger/logger.go:18.15,19.28 1 1
github.com/Zrossiz/Redirector/redirector/pkg/logger/logger.go:20.10,21.27 1 1
github.com/Zrossiz/Redirector/redirector/pkg/logger/logger.go:24.2,34.16 4 1
github.com/Zrossiz/Redirector/redirector/pkg/logger/logger.go:34.16,36.3 1 0
github.com/Zrossiz/Redirector/redirector/pkg/logger/logger.go:38.2,38.23 1 1
github.com/Zrossiz/Redirector/redirector/internal/service/service.go:23.12,29.2 1 1
github.com/Zrossiz/Redirector/redirector/internal/service/service.go:31.52,33.42 2 1
github.com/Zrossiz/Redirector/redirector/internal/service/service.go:33.42,35.3 1 1
github.com/Zrossiz/Redirector/redirector/internal/service/service.go:36.2,36.57 1 1
github.com/Zrossiz/Redirector/redirector/internal/service/service.go:36.57,38.3 1 1
github.com/Zrossiz/Redirector/redirector/internal/service/service.go:40.2,41.16 2 1
github.com/Zrossiz/Redirector/redirector/internal/service/service.go:41.16,44.3 2 1
github.com/Zrossiz/Redirector/redirector/internal/service/service.go:46.2,46.22 1 1
github.com/Zrossiz/Redirector/redirector/internal/repository/redis/redis.go:12.43,14.2 1 1
github.com/Zrossiz/Redirector/redirector/internal/repository/redis/redis.go:16.60,24.16 3 1
github.com/Zrossiz/Redirector/redirector/internal/repository/redis/redis.go:24.16,26.3 1 0
github.com/Zrossiz/Redirector/redirector/internal/repository/redis/redis.go:28.2,28.17 1 1
github.com/Zrossiz/Redirector/redirector/internal/repository/redis/redis.go:31.54,33.22 2 1
github.com/Zrossiz/Redirector/redirector/internal/repository/redis/redis.go:33.22,35.3 1 1
github.com/Zrossiz/Redirector/redirector/internal/repository/redis/redis.go:36.2,36.16 1 1
github.com/Zrossiz/Redirector/redirector/internal/repository/redis/redis.go:36.16,38.3 1 0
github.com/Zrossiz/Redirector/redirector/internal/repository/redis/redis.go:39.2,39.17 1 1
github.com/Zrossiz/Redirector/redirector/internal/repository/postgresql/postgresql.go:14.49,16.2 1 1
github.com/Zrossiz/Redirector/redirector/internal/repository/postgresql/postgresql.go:18.43,20.16 2 1
github.com/Zrossiz/Redirector/redirector/internal/repository/postgresql/postgresql.go:20.16,22.3 1 0
github.com/Zrossiz/Redirector/redirector/internal/repository/postgresql/postgresql.go:24.2,24.18 1 1
github.com/Zrossiz/Redirector/redirector/internal/repository/postgresql/postgresql.go:27.56,32.16 4 1
github.com/Zrossiz/Redirector/redirector/internal/repository/postgresql/postgresql.go:32.16,33.27 1 1
github.com/Zrossiz/Redirector/redirector/internal/repository/postgresql/postgresql.go:33.27,35.4 1 1
github.com/Zrossiz/Redirector/redirector/internal/repository/postgresql/postgresql.go:36.3,36.57 1 0
github.com/Zrossiz/Redirector/redirector/internal/repository/postgresql/postgresql.go:39.2,39.22 1 1
