mode: set
github.com/Zrossiz/Redirector/redirector/cmd/main.go:20.13,24.16 3 0
github.com/Zrossiz/Redirector/redirector/cmd/main.go:24.16,27.3 2 0
github.com/Zrossiz/Redirector/redirector/cmd/main.go:29.2,30.16 2 0
github.com/Zrossiz/Redirector/redirector/cmd/main.go:30.16,33.3 2 0
github.com/Zrossiz/Redirector/redirector/cmd/main.go:34.2,37.16 3 0
github.com/Zrossiz/Redirector/redirector/cmd/main.go:37.16,40.3 2 0
github.com/Zrossiz/Redirector/redirector/cmd/main.go:41.2,47.16 5 0
github.com/Zrossiz/Redirector/redirector/cmd/main.go:47.16,49.3 1 0
github.com/Zrossiz/Redirector/redirector/cmd/main.go:51.2,61.48 5 0
github.com/Zrossiz/Redirector/redirector/cmd/main.go:61.48,63.3 1 0
github.com/Zrossiz/Redirector/redirector/internal/repository/kafka/kafka.go:17.53,22.16 4 0
github.com/Zrossiz/Redirector/redirector/internal/repository/kafka/kafka.go:22.16,24.3 1 0
github.com/Zrossiz/Redirector/redirector/internal/repository/kafka/kafka.go:26.2,29.8 1 0
github.com/Zrossiz/Redirector/redirector/internal/repository/kafka/kafka.go:32.64,34.16 2 0
github.com/Zrossiz/Redirector/redirector/internal/repository/kafka/kafka.go:34.16,36.3 1 0
github.com/Zrossiz/Redirector/redirector/internal/repository/kafka/kafka.go:38.2,44.16 3 0
github.com/Zrossiz/Redirector/redirector/internal/repository/kafka/kafka.go:44.16,46.3 1 0
github.com/Zrossiz/Redirector/redirector/internal/repository/kafka/kafka.go:48.2,48.12 1 0
github.com/Zrossiz/Redirector/redirector/internal/delivery/rest/url_handler.go:16.59,18.2 1 1
github.com/Zrossiz/Redirector/redirector/internal/delivery/rest/url_handler.go:20.70,25.20 3 1
github.com/Zrossiz/Redirector/redirector/internal/delivery/rest/url_handler.go:25.20,28.3 2 1
github.com/Zrossiz/Redirector/redirector/internal/delivery/rest/url_handler.go:30.2,30.32 1 1
github.com/Zrossiz/Redirector/redirector/internal/delivery/rest/url_handler.go:30.32,32.3 1 0
github.com/Zrossiz/Redirector/redirector/internal/delivery/rest/url_handler.go:34.2,35.14 2 1
github.com/Zrossiz/Redirector/redirector/internal/delivery/rest/url_handler.go:35.14,37.3 1 1
github.com/Zrossiz/Redirector/redirector/internal/delivery/rest/url_handler.go:39.2,48.16 4 1
github.com/Zrossiz/Redirector/redirector/internal/delivery/rest/url_handler.go:48.16,50.3 1 1
github.com/Zrossiz/Redirector/redirector/internal/delivery/rest/url_handler.go:52.2,52.50 1 1
github.com/Zrossiz/Redirector/redirector/pkg/config/config.go:27.27,39.2 8 1
github.com/Zrossiz/Redirector/redirector/pkg/config/config.go:41.72,43.20 2 1
github.com/Zrossiz/Redirector/redirector/pkg/config/config.go:43.20,45.3 1 1
github.com/Zrossiz/Redirector/redirector/pkg/config/config.go:47.2,47.17 1 1
github.com/Zrossiz/Redirector/redirector/internal/service/service.go:24.12,31.2 1 1
github.com/Zrossiz/Redirector/redirector/internal/service/service.go:33.62,35.42 2 1
github.com/Zrossiz/Redirector/redirector/internal/service/service.go:35.42,37.3 1 1
github.com/Zrossiz/Redirector/redirector/internal/service/service.go:38.2,38.57 1 1
github.com/Zrossiz/Redirector/redirector/internal/service/service.go:38.57,40.3 1 1
github.com/Zrossiz/Redirector/redirector/internal/service/service.go:42.2,43.16 2 1
github.com/Zrossiz/Redirector/redirector/internal/service/service.go:43.16,46.3 2 1
github.com/Zrossiz/Redirector/redirector/internal/service/service.go:48.2,54.16 2 1
github.com/Zrossiz/Redirector/redirector/internal/service/service.go:54.16,56.3 1 1
github.com/Zrossiz/Redirector/redirector/internal/service/service.go:58.2,58.22 1 1
github.com/Zrossiz/Redirector/redirector/pkg/logger/logger.go:8.45,11.15 2 1
github.com/Zrossiz/Redirector/redirector/pkg/logger/logger.go:12.15,13.28 1 1
github.com/Zrossiz/Redirector/redirector/pkg/logger/logger.go:14.14,15.27 1 1
github.com/Zrossiz/Redirector/redirector/pkg/logger/logger.go:16.14,17.27 1 1
github.com/Zrossiz/Redirector/redirector/pkg/logger/logger.go:18.15,19.28 1 1
github.com/Zrossiz/Redirector/redirector/pkg/logger/logger.go:20.10,21.27 1 1
github.com/Zrossiz/Redirector/redirector/pkg/logger/logger.go:24.2,34.16 4 1
github.com/Zrossiz/Redirector/redirector/pkg/logger/logger.go:34.16,36.3 1 0
github.com/Zrossiz/Redirector/redirector/pkg/logger/logger.go:38.2,38.23 1 1
github.com/Zrossiz/Redirector/redirector/internal/repository/redis/redis.go:12.43,14.2 1 1
github.com/Zrossiz/Redirector/redirector/internal/repository/redis/redis.go:16.60,24.16 3 1
github.com/Zrossiz/Redirector/redirector/internal/repository/redis/redis.go:24.16,26.3 1 0
github.com/Zrossiz/Redirector/redirector/internal/repository/redis/redis.go:28.2,28.17 1 1
github.com/Zrossiz/Redirector/redirector/internal/repository/redis/redis.go:31.54,33.22 2 1
github.com/Zrossiz/Redirector/redirector/internal/repository/redis/redis.go:33.22,35.3 1 1
github.com/Zrossiz/Redirector/redirector/internal/repository/redis/redis.go:36.2,36.16 1 1
github.com/Zrossiz/Redirector/redirector/internal/repository/redis/redis.go:36.16,38.3 1 0
github.com/Zrossiz/Redirector/redirector/internal/repository/redis/redis.go:39.2,39.17 1 1
github.com/Zrossiz/Redirector/redirector/internal/repository/postgresql/postgresql.go:14.49,16.2 1 1
github.com/Zrossiz/Redirector/redirector/internal/repository/postgresql/postgresql.go:18.43,20.16 2 1
github.com/Zrossiz/Redirector/redirector/internal/repository/postgresql/postgresql.go:20.16,22.3 1 0
github.com/Zrossiz/Redirector/redirector/internal/repository/postgresql/postgresql.go:24.2,24.18 1 1
github.com/Zrossiz/Redirector/redirector/internal/repository/postgresql/postgresql.go:27.56,32.16 4 1
github.com/Zrossiz/Redirector/redirector/internal/repository/postgresql/postgresql.go:32.16,33.27 1 1
github.com/Zrossiz/Redirector/redirector/internal/repository/postgresql/postgresql.go:33.27,35.4 1 1
github.com/Zrossiz/Redirector/redirector/internal/repository/postgresql/postgresql.go:36.3,36.57 1 0
github.com/Zrossiz/Redirector/redirector/internal/repository/postgresql/postgresql.go:39.2,39.22 1 1
